        -:    0:Source:C:/FACC/OOP/Lab5(Undo David)/farmaciecuUndo/main.c
        -:    0:Graph:C:\FACC\OOP\Lab5(Undo David)\farmaciecuUndo\cmake-build-debug-coverage\CMakeFiles\farmacie2.dir\main.c.gcno
        -:    0:Data:C:\FACC\OOP\Lab5(Undo David)\farmaciecuUndo\cmake-build-debug-coverage\CMakeFiles\farmacie2.dir\main.c.gcda
        -:    0:Runs:1
        -:    1:#include "Medicament.h"
        -:    2:#include "Farmacie.h"
        -:    3:#include "FarmacieService.h"
        -:    4:#include "ui.h"
        -:    5:
        -:    6:/**
        -:    7: * function to run all tests
        -:    8: */
function TestAll called 1 returned 100% blocks executed 100%
        1:    9:void TestAll(){
        1:   10:    testCreateDestroy();
        1:   10-block  0
call    0 returned 1
        1:   11:    testAddFarmacie();
call    0 returned 1
        1:   12:    testChangeFarmacie();
call    0 returned 1
        1:   13:    testDeleteFarmacie();
call    0 returned 1
        1:   14:    testCopyList();
call    0 returned 1
        1:   15:    testListadeListe();
call    0 returned 1
        1:   16:    testAddMed();
call    0 returned 1
        1:   17:    testChangeMed();
call    0 returned 1
        1:   18:    testDeleteMed();
call    0 returned 1
        1:   19:    testSortMeds();
call    0 returned 1
        1:   20:    testFilterMeds();
call    0 returned 1
        1:   21:    testUndo();
call    0 returned 1
        1:   22:}
        -:   23:
        -:   24:/**
        -:   25: * main function
        -:   26: */
function main called 1 returned 100% blocks executed 100%
        1:   27:int main() {
        1:   28:    TestAll();
        1:   28-block  0
call    0 returned 1
        -:   29:    //run();
        1:   30:    return 0;
        -:   31:}
