        -:    0:Source:C:/FACC/OOP/Lab5(Undo David)/farmaciecuUndo/ui.c
        -:    0:Graph:C:\FACC\OOP\Lab5(Undo David)\farmaciecuUndo\cmake-build-debug-coverage\CMakeFiles\farmacie2.dir\ui.c.gcno
        -:    0:Data:C:\FACC\OOP\Lab5(Undo David)\farmaciecuUndo\cmake-build-debug-coverage\CMakeFiles\farmacie2.dir\ui.c.gcda
        -:    0:Runs:1
        -:    1:#include "ui.h"
        -:    2:#include <stdio.h>
        -:    3:#include <stdlib.h>
        -:    4:#include <string.h>
        -:    5:
        -:    6:
function printOptions called 0 returned 0% blocks executed 0%
    #####:    7:void printOptions(){
    #####:    8:    printf("exit - Pentru a parasi aplicatia\n"
    %%%%%:    8-block  0
call    0 never executed
        -:    9:           "add - Pentru a adauga medicament (expecting id-integer, nume-char, concentratie - char, cantitate - char)\n"
        -:   10:           "change - Pentru a modifica medicament (expecting id-integer, nume-char, concentratie - char)\n"
        -:   11:           "delete - Pentru a sterge medicament (expecting id-integer)\n"
        -:   12:           "sorted - Pentru a afisa lista sortata (expecting true-if reverse sort)\n"
        -:   13:           "filter - Pentru a afisa lista sortata (expecting byAmount - if filter by amount/byName - if filter by name)\n");
    #####:   14:}
        -:   15:
        -:   16:
function addMedUi called 0 returned 0% blocks executed 0%
    #####:   17:void addMedUi(ServiceFarmacie* servfar, int id, char* nume, char* concentratie, int cantitate){
    #####:   18:    int error = addMedService(servfar, id, nume, concentratie, cantitate);
    %%%%%:   18-block  0
call    0 never executed
    #####:   19:    if (error!=0)
branch  0 never executed (fallthrough)
branch  1 never executed
    #####:   20:        printf("Invalid input\n");
    %%%%%:   20-block  0
call    0 never executed
        -:   21:    else
    #####:   22:        printf("Med was saved\n");
    %%%%%:   22-block  0
call    0 never executed
    #####:   23:}
        -:   24:
        -:   25:
function changeMedUi called 0 returned 0% blocks executed 0%
    #####:   26:void changeMedUi(ServiceFarmacie* servfar,int id,char* nume, char* concentratie){
    #####:   27:    int error = changeMedService(servfar, id, nume, concentratie);
    %%%%%:   27-block  0
call    0 never executed
    #####:   28:    if (error==5)
branch  0 never executed (fallthrough)
branch  1 never executed
    #####:   29:        printf("Med id doesnt match with any in the list\n");
    %%%%%:   29-block  0
call    0 never executed
    #####:   30:    else if (error!=0)
    %%%%%:   30-block  0
branch  0 never executed (fallthrough)
branch  1 never executed
    #####:   31:        printf("Invalid input\n");
    %%%%%:   31-block  0
call    0 never executed
        -:   32:    else
    #####:   33:        printf("Med was changed\n");
    %%%%%:   33-block  0
call    0 never executed
    #####:   34:}
        -:   35:
        -:   36:
function deleteMedUi called 0 returned 0% blocks executed 0%
    #####:   37:void deleteMedUi(ServiceFarmacie* servfar, int id){
    #####:   38:    int error = deleteMedService(servfar, id);
    %%%%%:   38-block  0
call    0 never executed
    #####:   39:    if (error == 1)
branch  0 never executed (fallthrough)
branch  1 never executed
    #####:   40:        printf("No med with the id in the list\n");
    %%%%%:   40-block  0
call    0 never executed
        -:   41:    else
    #####:   42:        printf("Med was deleted successfully\n");
    %%%%%:   42-block  0
call    0 never executed
    #####:   43:}
        -:   44:
        -:   45:
function printSorted called 0 returned 0% blocks executed 0%
    #####:   46:void printSorted(ServiceFarmacie* servfar, char* reverse){
        -:   47:    Farmacie* list;
    #####:   48:    list = sortMeds(servfar, reverse);
    %%%%%:   48-block  0
call    0 never executed
    #####:   49:    for(int i=0;i<size(list);i++){
    %%%%%:   49-block  0
call    0 never executed
branch  1 never executed
branch  2 never executed (fallthrough)
    #####:   50:        printf("%d %s %s %d\n", getId(getElement(list, i)),
call    0 never executed
call    1 never executed
call    2 never executed
call    3 never executed
call    4 never executed
call    5 never executed
    #####:   51:               getName(getElement(list, i)),
call    0 never executed
    #####:   52:               getConcentration(getElement(list, i)),
call    0 never executed
    #####:   53:               getAmount(getElement(list,i)));
    %%%%%:   53-block  0
call    0 never executed
        -:   54:    }
    #####:   55:}
        -:   56:
        -:   57:
function filterMedUi called 0 returned 0% blocks executed 0%
    #####:   58:void filterMedUi(ServiceFarmacie * servfar, int amount, char* letter){
        -:   59:    Farmacie* list;
    #####:   60:    list = filterMeds(servfar, amount, letter);
    %%%%%:   60-block  0
call    0 never executed
    #####:   61:    for(int i=0;i<size(list);i++){
    %%%%%:   61-block  0
call    0 never executed
branch  1 never executed
branch  2 never executed (fallthrough)
    #####:   62:        printf("%d %s %s %d\n", getId(getElement(list, i)),
call    0 never executed
call    1 never executed
call    2 never executed
call    3 never executed
call    4 never executed
call    5 never executed
    #####:   63:               getName(getElement(list, i)),
call    0 never executed
    #####:   64:               getConcentration(getElement(list, i)),
call    0 never executed
    #####:   65:               getAmount(getElement(list,i)));
    %%%%%:   65-block  0
call    0 never executed
        -:   66:    }
    #####:   67:    free(list->elems);
    #####:   68:    free(list);
    #####:   69:}
        -:   70:
        -:   71:
function run called 0 returned 0% blocks executed 0%
    #####:   72:void run(){
    #####:   73:    ServiceFarmacie servfar = createServiceFarmacie();
    %%%%%:   73-block  0
call    0 never executed
        -:   74:    char cmd[100];
    #####:   75:    while(1){
    #####:   76:        printOptions();
    %%%%%:   76-block  0
call    0 never executed
    #####:   77:        fgets(cmd, sizeof(cmd), stdin);
call    0 never executed
call    1 never executed
    #####:   78:        cmd[strcspn(cmd,"\n")] = '\0';
        -:   79:
    #####:   80:        if (strcmp(cmd, "exit") == 0) {
branch  0 never executed (fallthrough)
branch  1 never executed
    #####:   81:            break;
        -:   82:        }
        -:   83:
    #####:   84:        char *token = strtok(cmd, " ");
    %%%%%:   84-block  0
call    0 never executed
        -:   85:        char *parts[100];
    #####:   86:        int count = 0;
    #####:   87:        while(token!=NULL){
    %%%%%:   87-block  0
branch  0 never executed
branch  1 never executed (fallthrough)
    #####:   88:            parts[count++] = token;
    #####:   89:            token = strtok(NULL," ");
    %%%%%:   89-block  0
call    0 never executed
        -:   90:        }
        -:   91:
    #####:   92:        char *optiune = parts[0];
    #####:   93:        if (strcmp(optiune, "add") == 0){
    %%%%%:   93-block  0
branch  0 never executed (fallthrough)
branch  1 never executed
    #####:   94:            int id = (int)strtol(parts[1], NULL, 10);
    %%%%%:   94-block  0
call    0 never executed
    #####:   95:            char* nume = parts[2];
    #####:   96:            char* concentratie = parts[3];
    #####:   97:            int cantitate = (int)strtol(parts[4], NULL, 10);
call    0 never executed
    #####:   98:            addMedUi(&servfar, id, nume, concentratie, cantitate);
call    0 never executed
        -:   99:        }
    #####:  100:        else if (strcmp(optiune, "change") == 0){
    %%%%%:  100-block  0
branch  0 never executed (fallthrough)
branch  1 never executed
    #####:  101:            int id = (int)strtol(parts[1], NULL, 10);
    %%%%%:  101-block  0
call    0 never executed
    #####:  102:            char* nume = parts[2];
    #####:  103:            char* concentratie = parts[3];
    #####:  104:            changeMedUi(&servfar, id, nume, concentratie);
call    0 never executed
        -:  105:        }
    #####:  106:        else if (strcmp(optiune, "delete") == 0){
    %%%%%:  106-block  0
branch  0 never executed (fallthrough)
branch  1 never executed
    #####:  107:            int id =(int)strtol(parts[1], NULL, 10);
    %%%%%:  107-block  0
call    0 never executed
    #####:  108:            deleteMedUi(&servfar, id);
call    0 never executed
        -:  109:        }
    #####:  110:        else if (strcmp(optiune, "sorted") == 0){
    %%%%%:  110-block  0
branch  0 never executed (fallthrough)
branch  1 never executed
    #####:  111:            char* reverse = parts[1];
    #####:  112:            strcpy(reverse, parts[1]);
    #####:  113:            printSorted(&servfar, reverse);
    %%%%%:  113-block  0
call    0 never executed
        -:  114:        }
    #####:  115:        else if (strcmp(optiune, "filter")==0) {
    %%%%%:  115-block  0
branch  0 never executed (fallthrough)
branch  1 never executed
    #####:  116:            char *type1 = parts[1];
    #####:  117:            char *letter = "";
    #####:  118:            int amount = -1;
    #####:  119:            if (strcmp(type1, "byAmount") == 0) {
    %%%%%:  119-block  0
branch  0 never executed (fallthrough)
branch  1 never executed
    #####:  120:                amount = (int)strtol(parts[2], NULL, 10);
    %%%%%:  120-block  0
call    0 never executed
    #####:  121:                if (strcmp(parts[3], "byName") == 0) {
branch  0 never executed (fallthrough)
branch  1 never executed
    #####:  122:                    letter = parts[4];
    %%%%%:  122-block  0
        -:  123:                }
        -:  124:            } else {
    #####:  125:                letter = parts[2];
    %%%%%:  125-block  0
        -:  126:            }
    #####:  127:            filterMedUi(&servfar, amount, letter);
    %%%%%:  127-block  0
call    0 never executed
        -:  128:        }
    #####:  129:        else if(strcmp(optiune, "undo") == 0){
    %%%%%:  129-block  0
branch  0 never executed (fallthrough)
branch  1 never executed
    #####:  130:            if(undo(&servfar) != 0)
    %%%%%:  130-block  0
call    0 never executed
branch  1 never executed (fallthrough)
branch  2 never executed
    #####:  131:                printf("Undo Indisponibil!");
    %%%%%:  131-block  0
call    0 never executed
        -:  132:            else
    #####:  133:                printf("S-a efectuat undo!");
    %%%%%:  133-block  0
call    0 never executed
        -:  134:        }
        -:  135:    }
    #####:  136:    destroyServiceFarmacie(&servfar);
    %%%%%:  136-block  0
call    0 never executed
    #####:  137:}
